<?xml version="1.0" encoding="UTF-8"?>
<!-- Generated by org.testng.reporters.JUnitReportReporter -->
<testsuite hostname="Rishis-MacBook-Pro.local" failures="0" tests="2" name="ApachePOITests.DataDriven_POI_GET_Test" time="0.785" errors="0" timestamp="2022-05-17T02:33:10 PDT" skipped="0">
  <testcase classname="ApachePOITests.DataDriven_POI_GET_Test" name="testWithCorrectUserID" time="0.106"/>
  <system-out/>
  <testcase classname="ApachePOITests.DataDriven_POI_GET_Test" name="testWithCorrectUserID" time="0.679"/>
  <system-out/>
</testsuite> <!-- ApachePOITests.DataDriven_POI_GET_Test -->
