<?xml version="1.0" encoding="UTF-8"?>
<!-- Generated by org.testng.reporters.JUnitReportReporter -->
<testsuite hostname="Rishis-MacBook-Pro.local" failures="0" tests="2" name="com.apex.samples.UserAPI_Datadriven_GET_Test_NG" time="1.421" errors="0" timestamp="2022-05-15T02:24:16 PDT" skipped="0">
  <testcase classname="com.apex.samples.UserAPI_Datadriven_GET_Test_NG" name="testWithCorrectUserID" time="0.675"/>
  <system-out/>
  <testcase classname="com.apex.samples.UserAPI_Datadriven_GET_Test_NG" name="testWithCorrectUserID" time="0.746"/>
  <system-out/>
</testsuite> <!-- com.apex.samples.UserAPI_Datadriven_GET_Test_NG -->
