<?xml version="1.0" encoding="UTF-8"?>
<!-- Generated by org.testng.reporters.JUnitReportReporter -->
<testsuite hostname="Rishis-MacBook-Pro.local" failures="0" tests="1" name="com.apex.samples.UserAPI_PUT_Test_NG" time="1.097" errors="0" timestamp="2022-05-11T17:06:05 PDT" skipped="0">
  <testcase classname="com.apex.samples.UserAPI_PUT_Test_NG" name="testPUT" time="1.097"/>
  <system-out/>
</testsuite> <!-- com.apex.samples.UserAPI_PUT_Test_NG -->
