<?xml version="1.0" encoding="UTF-8"?>
<!-- Generated by org.testng.reporters.JUnitReportReporter -->
<testsuite hostname="Rishis-MacBook-Pro.local" failures="0" tests="1" name="com.apex.samples.UserAPI_DELETE_Test_NGTest" time="1.147" errors="0" timestamp="2022-05-09T09:43:50 PDT" skipped="0">
  <testcase classname="com.apex.samples.UserAPI_DELETE_Test_NGTest" name="testWithCorrectUserID" time="1.147"/>
  <system-out/>
</testsuite> <!-- com.apex.samples.UserAPI_DELETE_Test_NGTest -->
