<?xml version="1.0" encoding="UTF-8"?>
<!-- Generated by org.testng.reporters.JUnitReportReporter -->
<testsuite hostname="Rishis-MacBook-Pro.local" failures="0" tests="6" name="com.apex.samples.UserAPI_GET_Test_NG" time="3.856" errors="0" timestamp="2022-05-12T11:31:54 PDT" skipped="0">
  <testcase classname="com.apex.samples.UserAPI_GET_Test_NG" name="testWithANonNumber" time="1.660"/>
  <system-out/>
  <testcase classname="com.apex.samples.UserAPI_GET_Test_NG" name="testWithNonExistingUserId" time="0.463"/>
  <system-out/>
  <testcase classname="com.apex.samples.UserAPI_GET_Test_NG" name="testWithBlank" time="0.559"/>
  <system-out/>
  <testcase classname="com.apex.samples.UserAPI_GET_Test_NG" name="testWithLongNumber" time="0.533"/>
  <system-out/>
  <testcase classname="com.apex.samples.UserAPI_GET_Test_NG" name="testWithCorrectUserID" time="0.171"/>
  <system-out/>
  <testcase classname="com.apex.samples.UserAPI_GET_Test_NG" name="testWithSpecialCharacter" time="0.470"/>
  <system-out/>
</testsuite> <!-- com.apex.samples.UserAPI_GET_Test_NG -->
