<?xml version="1.0" encoding="UTF-8"?>
<!-- Generated by org.testng.reporters.JUnitReportReporter -->
<testsuite hostname="Rishis-MacBook-Pro.local" failures="0" tests="1" name="ApachePOITests.DataDriven_POI_POST_Test" time="2.001" errors="0" timestamp="2022-05-19T02:36:15 PDT" skipped="0">
  <testcase classname="ApachePOITests.DataDriven_POI_POST_Test" name="testPostLogin" time="2.001"/>
  <system-out/>
</testsuite> <!-- ApachePOITests.DataDriven_POI_POST_Test -->
