<?xml version="1.0" encoding="UTF-8"?>
<!-- Generated by org.testng.reporters.JUnitReportReporter -->
<testsuite hostname="Rishis-MacBook-Pro.local" failures="0" tests="1" name="com.apex.samples.UserAPI_PATCH_Test_NG" time="1.432" errors="0" timestamp="2022-05-11T17:50:07 PDT" skipped="0">
  <testcase classname="com.apex.samples.UserAPI_PATCH_Test_NG" name="testPATCH" time="1.432"/>
  <system-out/>
</testsuite> <!-- com.apex.samples.UserAPI_PATCH_Test_NG -->
