<?xml version="1.0" encoding="UTF-8"?>
<!-- Generated by org.testng.reporters.JUnitReportReporter -->
<testsuite hostname="Rishis-MacBook-Pro.local" failures="0" tests="1" name="com.apex.samples.UserAPI_DELETE_Test_NG" time="1.106" errors="0" timestamp="2022-05-11T17:05:23 PDT" skipped="0">
  <testcase classname="com.apex.samples.UserAPI_DELETE_Test_NG" name="testDelete" time="1.106"/>
  <system-out/>
</testsuite> <!-- com.apex.samples.UserAPI_DELETE_Test_NG -->
